<?xml version="1.0" encoding="UTF-8"?>
<!-- Generated by org.testng.reporters.JUnitReportReporter -->
<testsuite hostname="RUTISHQQ096" failures="0" tests="7" name="Trello.PostAssessment.TrelloBoard" time="44.775" errors="0" timestamp="2021-09-22T22:01:53 IST" skipped="0">
  <testcase classname="Trello.PostAssessment.TrelloBoard" name="login" time="12.139"/>
  <system-out/>
  <testcase classname="Trello.PostAssessment.TrelloBoard" name="board" time="18.541"/>
  <system-out/>
  <testcase classname="Trello.PostAssessment.TrelloBoard" name="toDo" time="3.918"/>
  <system-out/>
  <testcase classname="Trello.PostAssessment.TrelloBoard" name="doing" time="1.370"/>
  <system-out/>
  <testcase classname="Trello.PostAssessment.TrelloBoard" name="done" time="5.653"/>
  <system-out/>
  <testcase classname="Trello.PostAssessment.TrelloBoard" name="deleteBoard" time="0.659"/>
  <system-out/>
  <testcase classname="Trello.PostAssessment.TrelloBoard" name="logout" time="2.495"/>
  <system-out/>
</testsuite> <!-- Trello.PostAssessment.TrelloBoard -->
